<?xml version="1.0" encoding="UTF-8"?>
<testng-results total="2" passed="2" failed="0" skipped="0">
  <reporter-output>
  </reporter-output>
  <suite started-at="2024-01-03T16:42:48Z" name="Surefire suite" finished-at="2024-01-03T16:42:48Z" duration-ms="32">
    <groups>
    </groups>
    <test started-at="2024-01-03T16:42:48Z" name="Surefire test" finished-at="2024-01-03T16:42:48Z" duration-ms="32">
      <class name="org.jhotdraw.draw.figure.AbstractFigureNGTest">
        <test-method is-config="true" signature="setUpClass()[pri:0, instance:org.jhotdraw.draw.figure.AbstractFigureNGTest@74294adb]" started-at="2024-01-03T17:42:48Z" name="setUpClass" finished-at="2024-01-03T17:42:48Z" duration-ms="10" status="PASS">
          <reporter-output>
          </reporter-output>
        </test-method> <!-- setUpClass -->
        <test-method is-config="true" signature="setUpMethod()[pri:0, instance:org.jhotdraw.draw.figure.AbstractFigureNGTest@74294adb]" started-at="2024-01-03T17:42:48Z" name="setUpMethod" finished-at="2024-01-03T17:42:48Z" duration-ms="0" status="PASS">
          <reporter-output>
          </reporter-output>
        </test-method> <!-- setUpMethod -->
        <test-method signature="testChangedWithoutWillChange()[pri:0, instance:org.jhotdraw.draw.figure.AbstractFigureNGTest@74294adb]" started-at="2024-01-03T17:42:48Z" name="testChangedWithoutWillChange" finished-at="2024-01-03T17:42:48Z" duration-ms="5" status="PASS">
          <exception class="java.lang.IllegalStateException">
            <message>
              <![CDATA[changed was called without a prior call to willChange. 0]]>
            </message>
            <full-stacktrace>
              <![CDATA[java.lang.IllegalStateException: changed was called without a prior call to willChange. 0
	at org.jhotdraw.draw.figure.AbstractFigure.changed(AbstractFigure.java:414)
	at org.jhotdraw.draw.figure.AbstractFigureNGTest.testChangedWithoutWillChange(AbstractFigureNGTest.java:61)
	at java.base/jdk.internal.reflect.NativeMethodAccessorImpl.invoke0(Native Method)
	at java.base/jdk.internal.reflect.NativeMethodAccessorImpl.invoke(NativeMethodAccessorImpl.java:77)
	at java.base/jdk.internal.reflect.DelegatingMethodAccessorImpl.invoke(DelegatingMethodAccessorImpl.java:43)
	at java.base/java.lang.reflect.Method.invoke(Method.java:568)
	at org.testng.internal.MethodInvocationHelper.invokeMethod(MethodInvocationHelper.java:85)
	at org.testng.internal.Invoker.invokeMethod(Invoker.java:696)
	at org.testng.internal.Invoker.invokeTestMethod(Invoker.java:882)
	at org.testng.internal.Invoker.invokeTestMethods(Invoker.java:1189)
	at org.testng.internal.TestMethodWorker.invokeTestMethods(TestMethodWorker.java:124)
	at org.testng.internal.TestMethodWorker.run(TestMethodWorker.java:108)
	at org.testng.TestRunner.privateRun(TestRunner.java:767)
	at org.testng.TestRunner.run(TestRunner.java:617)
	at org.testng.SuiteRunner.runTest(SuiteRunner.java:348)
	at org.testng.SuiteRunner.runSequentially(SuiteRunner.java:343)
	at org.testng.SuiteRunner.privateRun(SuiteRunner.java:305)
	at org.testng.SuiteRunner.run(SuiteRunner.java:254)
	at org.testng.SuiteRunnerWorker.runSuite(SuiteRunnerWorker.java:52)
	at org.testng.SuiteRunnerWorker.run(SuiteRunnerWorker.java:86)
	at org.testng.TestNG.runSuitesSequentially(TestNG.java:1224)
	at org.testng.TestNG.runSuitesLocally(TestNG.java:1149)
	at org.testng.TestNG.run(TestNG.java:1057)
	at org.apache.maven.surefire.testng.TestNGExecutor.run(TestNGExecutor.java:155)
	at org.apache.maven.surefire.testng.TestNGDirectoryTestSuite.executeSingleClass(TestNGDirectoryTestSuite.java:102)
	at org.apache.maven.surefire.testng.TestNGDirectoryTestSuite.execute(TestNGDirectoryTestSuite.java:91)
	at org.apache.maven.surefire.testng.TestNGProvider.invoke(TestNGProvider.java:137)
	at org.apache.maven.surefire.booter.ForkedBooter.runSuitesInProcess(ForkedBooter.java:385)
	at org.apache.maven.surefire.booter.ForkedBooter.execute(ForkedBooter.java:162)
	at org.apache.maven.surefire.booter.ForkedBooter.run(ForkedBooter.java:507)
	at org.apache.maven.surefire.booter.ForkedBooter.main(ForkedBooter.java:495)
]]>
            </full-stacktrace>
          </exception> <!-- java.lang.IllegalStateException -->
          <reporter-output>
          </reporter-output>
        </test-method> <!-- testChangedWithoutWillChange -->
        <test-method is-config="true" signature="setUpMethod()[pri:0, instance:org.jhotdraw.draw.figure.AbstractFigureNGTest@74294adb]" started-at="2024-01-03T17:42:48Z" name="setUpMethod" finished-at="2024-01-03T17:42:48Z" duration-ms="0" status="PASS">
          <reporter-output>
          </reporter-output>
        </test-method> <!-- setUpMethod -->
        <test-method is-config="true" signature="tearDownMethod()[pri:0, instance:org.jhotdraw.draw.figure.AbstractFigureNGTest@74294adb]" started-at="2024-01-03T17:42:48Z" name="tearDownMethod" finished-at="2024-01-03T17:42:48Z" duration-ms="0" status="PASS">
          <reporter-output>
          </reporter-output>
        </test-method> <!-- tearDownMethod -->
        <test-method signature="testWillChangeChangedEvents()[pri:0, instance:org.jhotdraw.draw.figure.AbstractFigureNGTest@74294adb]" started-at="2024-01-03T17:42:48Z" name="testWillChangeChangedEvents" finished-at="2024-01-03T17:42:48Z" duration-ms="2" status="PASS">
          <reporter-output>
          </reporter-output>
        </test-method> <!-- testWillChangeChangedEvents -->
        <test-method is-config="true" signature="tearDownClass()[pri:0, instance:org.jhotdraw.draw.figure.AbstractFigureNGTest@74294adb]" started-at="2024-01-03T17:42:48Z" name="tearDownClass" finished-at="2024-01-03T17:42:48Z" duration-ms="0" status="PASS">
          <reporter-output>
          </reporter-output>
        </test-method> <!-- tearDownClass -->
        <test-method is-config="true" signature="tearDownMethod()[pri:0, instance:org.jhotdraw.draw.figure.AbstractFigureNGTest@74294adb]" started-at="2024-01-03T17:42:48Z" name="tearDownMethod" finished-at="2024-01-03T17:42:48Z" duration-ms="0" status="PASS">
          <reporter-output>
          </reporter-output>
        </test-method> <!-- tearDownMethod -->
      </class> <!-- org.jhotdraw.draw.figure.AbstractFigureNGTest -->
    </test> <!-- Surefire test -->
  </suite> <!-- Surefire suite -->
</testng-results>
