<?xml version="1.0" encoding="UTF-8"?>
<!-- Generated by org.testng.reporters.JUnitXMLReporter -->
<testsuite hostname="DESKTOP-776AU9R" failures="0" tests="2" name="Surefire test" time="0.016" errors="0" timestamp="2 Jan 2024 11:29:28 GMT">
  <testcase classname="org.jhotdraw.draw.figure.AbstractFigureNGTest" name="testChangedWithoutWillChange" time="0.001"/>
  <testcase classname="org.jhotdraw.draw.figure.AbstractFigureNGTest" name="testWillChangeChangedEvents" time="0.001"/>
</testsuite> <!-- Surefire test -->
