<?xml version="1.0" encoding="UTF-8"?>
<!-- Generated by org.testng.reporters.JUnitXMLReporter -->
<testsuite hostname="MSI" failures="0" tests="4" name="Surefire test" time="0.03" errors="0" timestamp="3 Jan 2024 16:42:36 GMT">
  <testcase classname="org.jhotdraw.geom.BezierPathNGTest" name="testPathIterator" time="0.009"/>
  <testcase classname="org.jhotdraw.geom.BezierPathNGTest" name="testPathIterator2" time="0.0"/>
  <testcase classname="org.jhotdraw.geom.BezierPathNGTest" name="testToGeneralPath" time="0.001"/>
  <testcase classname="org.jhotdraw.geom.BezierPathNGTest" name="testToPolygonArray" time="0.0"/>
</testsuite> <!-- Surefire test -->
